


ARM Macro Assembler    Page 1 


    1 00000000         ;******************** (C) COPYRIGHT 2017 STMicroelectron
                       ics ********************
    2 00000000         ;* File Name          : startup_stm32f103xb.s
    3 00000000         ;* Author             : MCD Application Team
    4 00000000         ;* Description        : STM32F103xB Devices vector table
                        for MDK-ARM toolchain. 
    5 00000000         ;*                      This module performs:
    6 00000000         ;*                      - Set the initial SP
    7 00000000         ;*                      - Set the initial PC == Reset_Ha
                       ndler
    8 00000000         ;*                      - Set the vector table entries w
                       ith the exceptions ISR address
    9 00000000         ;*                      - Configure the clock system
   10 00000000         ;*                      - Branches to __main in the C li
                       brary (which eventually
   11 00000000         ;*                        calls main()).
   12 00000000         ;*                      After Reset the Cortex-M3 proces
                       sor is in Thread mode,
   13 00000000         ;*                      priority is Privileged, and the 
                       Stack is set to Main.
   14 00000000         ;*******************************************************
                       ***********************
   15 00000000         ;* @attention
   16 00000000         ;*
   17 00000000         ;* Copyright (c) 2017 STMicroelectronics.
   18 00000000         ;* All rights reserved.
   19 00000000         ;*
   20 00000000         ;* This software component is licensed by ST under BSD 3
                       -Clause license,
   21 00000000         ;* the "License"; You may not use this file except in co
                       mpliance with the
   22 00000000         ;* License. You may obtain a copy of the License at:
   23 00000000         ;*                        opensource.org/licenses/BSD-3-
                       Clause
   24 00000000         ;*
   25 00000000         ;*******************************************************
                       ***********************
   26 00000000         
   27 00000000         ; Amount of memory (in bytes) allocated for Stack
   28 00000000         ; Tailor this value to your application needs
   29 00000000         ; <h> Stack Configuration
   30 00000000         ;   <o> Stack Size (in Bytes) <0x0-0xFFFFFFFF:8>
   31 00000000         ; </h>
   32 00000000         
   33 00000000 00000400 
                       Stack_Size
                               EQU              0x00000400
   34 00000000         
   35 00000000                 AREA             STACK, NOINIT, READWRITE, ALIGN
=3
   36 00000000         Stack_Mem
                               SPACE            Stack_Size
   37 00000400         __initial_sp
   38 00000400         
   39 00000400         
   40 00000400         ; <h> Heap Configuration
   41 00000400         ;   <o>  Heap Size (in Bytes) <0x0-0xFFFFFFFF:8>
   42 00000400         ; </h>
   43 00000400         



ARM Macro Assembler    Page 2 


   44 00000400         ;Œ¥”√µΩ±‡“Î∆˜◊‘¥¯µƒƒ⁄¥Êπ‹¿Ì(malloc,freeµ»)£¨…Ë÷√Heap_Szi
                       eŒ™0
   45 00000400 00000000 
                       Heap_Size
                               EQU              0x00000000
   46 00000400         
   47 00000400                 AREA             HEAP, NOINIT, READWRITE, ALIGN=
3
   48 00000000         __heap_base
   49 00000000         Heap_Mem
                               SPACE            Heap_Size
   50 00000000         __heap_limit
   51 00000000         
   52 00000000                 PRESERVE8
   53 00000000                 THUMB
   54 00000000         
   55 00000000         
   56 00000000         ; Vector Table Mapped to Address 0 at Reset
   57 00000000                 AREA             RESET, DATA, READONLY
   58 00000000                 EXPORT           __Vectors
   59 00000000                 EXPORT           __Vectors_End
   60 00000000                 EXPORT           __Vectors_Size
   61 00000000         
   62 00000000 00000000 
                       __Vectors
                               DCD              __initial_sp ; Top of Stack
   63 00000004 00000000        DCD              Reset_Handler ; Reset Handler
   64 00000008 00000000        DCD              NMI_Handler ; NMI Handler
   65 0000000C 00000000        DCD              HardFault_Handler ; Hard Fault 
                                                            Handler
   66 00000010 00000000        DCD              MemManage_Handler 
                                                            ; MPU Fault Handler
                                                            
   67 00000014 00000000        DCD              BusFault_Handler 
                                                            ; Bus Fault Handler
                                                            
   68 00000018 00000000        DCD              UsageFault_Handler ; Usage Faul
                                                            t Handler
   69 0000001C 00000000        DCD              0           ; Reserved
   70 00000020 00000000        DCD              0           ; Reserved
   71 00000024 00000000        DCD              0           ; Reserved
   72 00000028 00000000        DCD              0           ; Reserved
   73 0000002C 00000000        DCD              SVC_Handler ; SVCall Handler
   74 00000030 00000000        DCD              DebugMon_Handler ; Debug Monito
                                                            r Handler
   75 00000034 00000000        DCD              0           ; Reserved
   76 00000038 00000000        DCD              PendSV_Handler ; PendSV Handler
                                                            
   77 0000003C 00000000        DCD              SysTick_Handler 
                                                            ; SysTick Handler
   78 00000040         
   79 00000040         ; External Interrupts
   80 00000040 00000000        DCD              WWDG_IRQHandler 
                                                            ; Window Watchdog
   81 00000044 00000000        DCD              PVD_IRQHandler ; PVD through EX
                                                            TI Line detect
   82 00000048 00000000        DCD              TAMPER_IRQHandler ; Tamper
   83 0000004C 00000000        DCD              RTC_IRQHandler ; RTC
   84 00000050 00000000        DCD              FLASH_IRQHandler ; Flash



ARM Macro Assembler    Page 3 


   85 00000054 00000000        DCD              RCC_IRQHandler ; RCC
   86 00000058 00000000        DCD              EXTI0_IRQHandler ; EXTI Line 0
   87 0000005C 00000000        DCD              EXTI1_IRQHandler ; EXTI Line 1
   88 00000060 00000000        DCD              EXTI2_IRQHandler ; EXTI Line 2
   89 00000064 00000000        DCD              EXTI3_IRQHandler ; EXTI Line 3
   90 00000068 00000000        DCD              EXTI4_IRQHandler ; EXTI Line 4
   91 0000006C 00000000        DCD              DMA1_Channel1_IRQHandler 
                                                            ; DMA1 Channel 1
   92 00000070 00000000        DCD              DMA1_Channel2_IRQHandler 
                                                            ; DMA1 Channel 2
   93 00000074 00000000        DCD              DMA1_Channel3_IRQHandler 
                                                            ; DMA1 Channel 3
   94 00000078 00000000        DCD              DMA1_Channel4_IRQHandler 
                                                            ; DMA1 Channel 4
   95 0000007C 00000000        DCD              DMA1_Channel5_IRQHandler 
                                                            ; DMA1 Channel 5
   96 00000080 00000000        DCD              DMA1_Channel6_IRQHandler 
                                                            ; DMA1 Channel 6
   97 00000084 00000000        DCD              DMA1_Channel7_IRQHandler 
                                                            ; DMA1 Channel 7
   98 00000088 00000000        DCD              ADC1_2_IRQHandler ; ADC1_2
   99 0000008C 00000000        DCD              USB_HP_CAN1_TX_IRQHandler ; USB
                                                             High Priority or C
                                                            AN1 TX
  100 00000090 00000000        DCD              USB_LP_CAN1_RX0_IRQHandler ; US
                                                            B Low  Priority or 
                                                            CAN1 RX0
  101 00000094 00000000        DCD              CAN1_RX1_IRQHandler ; CAN1 RX1
  102 00000098 00000000        DCD              CAN1_SCE_IRQHandler ; CAN1 SCE
  103 0000009C 00000000        DCD              EXTI9_5_IRQHandler 
                                                            ; EXTI Line 9..5
  104 000000A0 00000000        DCD              TIM1_BRK_IRQHandler 
                                                            ; TIM1 Break
  105 000000A4 00000000        DCD              TIM1_UP_IRQHandler 
                                                            ; TIM1 Update
  106 000000A8 00000000        DCD              TIM1_TRG_COM_IRQHandler ; TIM1 
                                                            Trigger and Commuta
                                                            tion
  107 000000AC 00000000        DCD              TIM1_CC_IRQHandler ; TIM1 Captu
                                                            re Compare
  108 000000B0 00000000        DCD              TIM2_IRQHandler ; TIM2
  109 000000B4 00000000        DCD              TIM3_IRQHandler ; TIM3
  110 000000B8 00000000        DCD              TIM4_IRQHandler ; TIM4
  111 000000BC 00000000        DCD              I2C1_EV_IRQHandler ; I2C1 Event
                                                            
  112 000000C0 00000000        DCD              I2C1_ER_IRQHandler ; I2C1 Error
                                                            
  113 000000C4 00000000        DCD              I2C2_EV_IRQHandler ; I2C2 Event
                                                            
  114 000000C8 00000000        DCD              I2C2_ER_IRQHandler ; I2C2 Error
                                                            
  115 000000CC 00000000        DCD              SPI1_IRQHandler ; SPI1
  116 000000D0 00000000        DCD              SPI2_IRQHandler ; SPI2
  117 000000D4 00000000        DCD              USART1_IRQHandler ; USART1
  118 000000D8 00000000        DCD              USART2_IRQHandler ; USART2
  119 000000DC 00000000        DCD              USART3_IRQHandler ; USART3
  120 000000E0 00000000        DCD              EXTI15_10_IRQHandler 
                                                            ; EXTI Line 15..10
  121 000000E4 00000000        DCD              RTC_Alarm_IRQHandler ; RTC Alar



ARM Macro Assembler    Page 4 


                                                            m through EXTI Line
                                                            
  122 000000E8 00000000        DCD              USBWakeUp_IRQHandler ; USB Wake
                                                            up from suspend
  123 000000EC         __Vectors_End
  124 000000EC         
  125 000000EC 000000EC 
                       __Vectors_Size
                               EQU              __Vectors_End - __Vectors
  126 000000EC         
  127 000000EC                 AREA             |.text|, CODE, READONLY
  128 00000000         
  129 00000000         ; Reset handler
  130 00000000         Reset_Handler
                               PROC
  131 00000000                 EXPORT           Reset_Handler             [WEAK
]
  132 00000000                 IMPORT           __main
  133 00000000         
  134 00000000         ;ºƒ¥Ê∆˜∞Ê±æ¥˙¬Î£¨“ÚŒ™√ª”–”√µΩSystemInit∫Ø ˝£¨À˘“‘◊¢ ÕµÙ“
                       ‘œ¬¥˙¬ÎŒ™∑¿÷π±®¥Ì£°
  135 00000000         ;HALø‚∞Ê±æ¥˙¬Î£¨Ω®“Èº”…œ’‚¿Ô£®Õ‚≤ø±ÿ–Î µœ÷SystemInit∫Ø ˝
                       £©£¨“‘≥ı ºªØstm32 ±÷”µ»°£
  136 00000000         ;IMPORT  SystemInit
  137 00000000         ;LDR     R0, =SystemInit
  138 00000000         ;BLX     R0
  139 00000000         
  140 00000000 4808            LDR              R0, =__main
  141 00000002 4700            BX               R0
  142 00000004                 ENDP
  143 00000004         
  144 00000004         ; Dummy Exception Handlers (infinite loops which can be 
                       modified)
  145 00000004         
  146 00000004         NMI_Handler
                               PROC
  147 00000004                 EXPORT           NMI_Handler                [WEA
K]
  148 00000004 E7FE            B                .
  149 00000006                 ENDP
  151 00000006         HardFault_Handler
                               PROC
  152 00000006                 EXPORT           HardFault_Handler          [WEA
K]
  153 00000006 E7FE            B                .
  154 00000008                 ENDP
  156 00000008         MemManage_Handler
                               PROC
  157 00000008                 EXPORT           MemManage_Handler          [WEA
K]
  158 00000008 E7FE            B                .
  159 0000000A                 ENDP
  161 0000000A         BusFault_Handler
                               PROC
  162 0000000A                 EXPORT           BusFault_Handler           [WEA
K]
  163 0000000A E7FE            B                .
  164 0000000C                 ENDP
  166 0000000C         UsageFault_Handler



ARM Macro Assembler    Page 5 


                               PROC
  167 0000000C                 EXPORT           UsageFault_Handler         [WEA
K]
  168 0000000C E7FE            B                .
  169 0000000E                 ENDP
  170 0000000E         SVC_Handler
                               PROC
  171 0000000E                 EXPORT           SVC_Handler                [WEA
K]
  172 0000000E E7FE            B                .
  173 00000010                 ENDP
  175 00000010         DebugMon_Handler
                               PROC
  176 00000010                 EXPORT           DebugMon_Handler           [WEA
K]
  177 00000010 E7FE            B                .
  178 00000012                 ENDP
  179 00000012         PendSV_Handler
                               PROC
  180 00000012                 EXPORT           PendSV_Handler             [WEA
K]
  181 00000012 E7FE            B                .
  182 00000014                 ENDP
  183 00000014         SysTick_Handler
                               PROC
  184 00000014                 EXPORT           SysTick_Handler            [WEA
K]
  185 00000014 E7FE            B                .
  186 00000016                 ENDP
  187 00000016         
  188 00000016         Default_Handler
                               PROC
  189 00000016         
  190 00000016                 EXPORT           WWDG_IRQHandler            [WEA
K]
  191 00000016                 EXPORT           PVD_IRQHandler             [WEA
K]
  192 00000016                 EXPORT           TAMPER_IRQHandler          [WEA
K]
  193 00000016                 EXPORT           RTC_IRQHandler             [WEA
K]
  194 00000016                 EXPORT           FLASH_IRQHandler           [WEA
K]
  195 00000016                 EXPORT           RCC_IRQHandler             [WEA
K]
  196 00000016                 EXPORT           EXTI0_IRQHandler           [WEA
K]
  197 00000016                 EXPORT           EXTI1_IRQHandler           [WEA
K]
  198 00000016                 EXPORT           EXTI2_IRQHandler           [WEA
K]
  199 00000016                 EXPORT           EXTI3_IRQHandler           [WEA
K]
  200 00000016                 EXPORT           EXTI4_IRQHandler           [WEA
K]
  201 00000016                 EXPORT           DMA1_Channel1_IRQHandler   [WEA
K]
  202 00000016                 EXPORT           DMA1_Channel2_IRQHandler   [WEA
K]



ARM Macro Assembler    Page 6 


  203 00000016                 EXPORT           DMA1_Channel3_IRQHandler   [WEA
K]
  204 00000016                 EXPORT           DMA1_Channel4_IRQHandler   [WEA
K]
  205 00000016                 EXPORT           DMA1_Channel5_IRQHandler   [WEA
K]
  206 00000016                 EXPORT           DMA1_Channel6_IRQHandler   [WEA
K]
  207 00000016                 EXPORT           DMA1_Channel7_IRQHandler   [WEA
K]
  208 00000016                 EXPORT           ADC1_2_IRQHandler          [WEA
K]
  209 00000016                 EXPORT           USB_HP_CAN1_TX_IRQHandler  [WEA
K]
  210 00000016                 EXPORT           USB_LP_CAN1_RX0_IRQHandler [WEA
K]
  211 00000016                 EXPORT           CAN1_RX1_IRQHandler        [WEA
K]
  212 00000016                 EXPORT           CAN1_SCE_IRQHandler        [WEA
K]
  213 00000016                 EXPORT           EXTI9_5_IRQHandler         [WEA
K]
  214 00000016                 EXPORT           TIM1_BRK_IRQHandler        [WEA
K]
  215 00000016                 EXPORT           TIM1_UP_IRQHandler         [WEA
K]
  216 00000016                 EXPORT           TIM1_TRG_COM_IRQHandler    [WEA
K]
  217 00000016                 EXPORT           TIM1_CC_IRQHandler         [WEA
K]
  218 00000016                 EXPORT           TIM2_IRQHandler            [WEA
K]
  219 00000016                 EXPORT           TIM3_IRQHandler            [WEA
K]
  220 00000016                 EXPORT           TIM4_IRQHandler            [WEA
K]
  221 00000016                 EXPORT           I2C1_EV_IRQHandler         [WEA
K]
  222 00000016                 EXPORT           I2C1_ER_IRQHandler         [WEA
K]
  223 00000016                 EXPORT           I2C2_EV_IRQHandler         [WEA
K]
  224 00000016                 EXPORT           I2C2_ER_IRQHandler         [WEA
K]
  225 00000016                 EXPORT           SPI1_IRQHandler            [WEA
K]
  226 00000016                 EXPORT           SPI2_IRQHandler            [WEA
K]
  227 00000016                 EXPORT           USART1_IRQHandler          [WEA
K]
  228 00000016                 EXPORT           USART2_IRQHandler          [WEA
K]
  229 00000016                 EXPORT           USART3_IRQHandler          [WEA
K]
  230 00000016                 EXPORT           EXTI15_10_IRQHandler       [WEA
K]
  231 00000016                 EXPORT           RTC_Alarm_IRQHandler        [WE
AK]
  232 00000016                 EXPORT           USBWakeUp_IRQHandler       [WEA



ARM Macro Assembler    Page 7 


K]
  233 00000016         
  234 00000016         WWDG_IRQHandler
  235 00000016         PVD_IRQHandler
  236 00000016         TAMPER_IRQHandler
  237 00000016         RTC_IRQHandler
  238 00000016         FLASH_IRQHandler
  239 00000016         RCC_IRQHandler
  240 00000016         EXTI0_IRQHandler
  241 00000016         EXTI1_IRQHandler
  242 00000016         EXTI2_IRQHandler
  243 00000016         EXTI3_IRQHandler
  244 00000016         EXTI4_IRQHandler
  245 00000016         DMA1_Channel1_IRQHandler
  246 00000016         DMA1_Channel2_IRQHandler
  247 00000016         DMA1_Channel3_IRQHandler
  248 00000016         DMA1_Channel4_IRQHandler
  249 00000016         DMA1_Channel5_IRQHandler
  250 00000016         DMA1_Channel6_IRQHandler
  251 00000016         DMA1_Channel7_IRQHandler
  252 00000016         ADC1_2_IRQHandler
  253 00000016         USB_HP_CAN1_TX_IRQHandler
  254 00000016         USB_LP_CAN1_RX0_IRQHandler
  255 00000016         CAN1_RX1_IRQHandler
  256 00000016         CAN1_SCE_IRQHandler
  257 00000016         EXTI9_5_IRQHandler
  258 00000016         TIM1_BRK_IRQHandler
  259 00000016         TIM1_UP_IRQHandler
  260 00000016         TIM1_TRG_COM_IRQHandler
  261 00000016         TIM1_CC_IRQHandler
  262 00000016         TIM2_IRQHandler
  263 00000016         TIM3_IRQHandler
  264 00000016         TIM4_IRQHandler
  265 00000016         I2C1_EV_IRQHandler
  266 00000016         I2C1_ER_IRQHandler
  267 00000016         I2C2_EV_IRQHandler
  268 00000016         I2C2_ER_IRQHandler
  269 00000016         SPI1_IRQHandler
  270 00000016         SPI2_IRQHandler
  271 00000016         USART1_IRQHandler
  272 00000016         USART2_IRQHandler
  273 00000016         USART3_IRQHandler
  274 00000016         EXTI15_10_IRQHandler
  275 00000016         RTC_Alarm_IRQHandler
  276 00000016         USBWakeUp_IRQHandler
  277 00000016         
  278 00000016 E7FE            B                .
  279 00000018         
  280 00000018                 ENDP
  281 00000018         
  282 00000018                 ALIGN
  283 00000018         
  284 00000018         ;*******************************************************
                       ************************
  285 00000018         ; User Stack and Heap initialization
  286 00000018         ;*******************************************************
                       ************************
  287 00000018                 IF               :DEF:__MICROLIB
  294 00000018         



ARM Macro Assembler    Page 8 


  295 00000018                 IMPORT           __use_two_region_memory
  296 00000018                 EXPORT           __user_initial_stackheap
  297 00000018         
  298 00000018         __user_initial_stackheap
  299 00000018         
  300 00000018 4803            LDR              R0, =  Heap_Mem
  301 0000001A 4904            LDR              R1, =(Stack_Mem + Stack_Size)
  302 0000001C 4A02            LDR              R2, = (Heap_Mem +  Heap_Size)
  303 0000001E 4B04            LDR              R3, = Stack_Mem
  304 00000020 4770            BX               LR
  305 00000022         
  306 00000022 00 00           ALIGN
  307 00000024         
  308 00000024                 ENDIF
  309 00000024         
  310 00000024                 END
              00000000 
              00000000 
              00000400 
              00000000 
Command Line: --debug --xref --diag_suppress=9931 --cpu=Cortex-M3 --apcs=interw
ork --depend=..\..\output\startup_stm32f103xb.d -o..\..\output\startup_stm32f10
3xb.o -ID:\KEIL\KEIL_MDK\PACK\Keil\STM32F1xx_DFP\2.2.0\Device\Include --predefi
ne="__UVISION_VERSION SETA 540" --predefine="STM32F10X_MD SETA 1" --list=..\..\
output\startup_stm32f103xb.lst ..\..\Drivers\CMSIS\Device\ST\STM32F1xx\Source\T
emplates\arm\startup_stm32f103xb.s



ARM Macro Assembler    Page 1 Alphabetic symbol ordering
Relocatable symbols

STACK 00000000

Symbol: STACK
   Definitions
      At line 35 in file ..\..\Drivers\CMSIS\Device\ST\STM32F1xx\Source\Templat
es\arm\startup_stm32f103xb.s
   Uses
      None
Comment: STACK unused
Stack_Mem 00000000

Symbol: Stack_Mem
   Definitions
      At line 36 in file ..\..\Drivers\CMSIS\Device\ST\STM32F1xx\Source\Templat
es\arm\startup_stm32f103xb.s
   Uses
      At line 301 in file ..\..\Drivers\CMSIS\Device\ST\STM32F1xx\Source\Templa
tes\arm\startup_stm32f103xb.s
      At line 303 in file ..\..\Drivers\CMSIS\Device\ST\STM32F1xx\Source\Templa
tes\arm\startup_stm32f103xb.s

__initial_sp 00000400

Symbol: __initial_sp
   Definitions
      At line 37 in file ..\..\Drivers\CMSIS\Device\ST\STM32F1xx\Source\Templat
es\arm\startup_stm32f103xb.s
   Uses
      At line 62 in file ..\..\Drivers\CMSIS\Device\ST\STM32F1xx\Source\Templat
es\arm\startup_stm32f103xb.s
Comment: __initial_sp used once
3 symbols



ARM Macro Assembler    Page 1 Alphabetic symbol ordering
Relocatable symbols

HEAP 00000000

Symbol: HEAP
   Definitions
      At line 47 in file ..\..\Drivers\CMSIS\Device\ST\STM32F1xx\Source\Templat
es\arm\startup_stm32f103xb.s
   Uses
      None
Comment: HEAP unused
Heap_Mem 00000000

Symbol: Heap_Mem
   Definitions
      At line 49 in file ..\..\Drivers\CMSIS\Device\ST\STM32F1xx\Source\Templat
es\arm\startup_stm32f103xb.s
   Uses
      At line 300 in file ..\..\Drivers\CMSIS\Device\ST\STM32F1xx\Source\Templa
tes\arm\startup_stm32f103xb.s
      At line 302 in file ..\..\Drivers\CMSIS\Device\ST\STM32F1xx\Source\Templa
tes\arm\startup_stm32f103xb.s

__heap_base 00000000

Symbol: __heap_base
   Definitions
      At line 48 in file ..\..\Drivers\CMSIS\Device\ST\STM32F1xx\Source\Templat
es\arm\startup_stm32f103xb.s
   Uses
      None
Comment: __heap_base unused
__heap_limit 00000000

Symbol: __heap_limit
   Definitions
      At line 50 in file ..\..\Drivers\CMSIS\Device\ST\STM32F1xx\Source\Templat
es\arm\startup_stm32f103xb.s
   Uses
      None
Comment: __heap_limit unused
4 symbols



ARM Macro Assembler    Page 1 Alphabetic symbol ordering
Relocatable symbols

RESET 00000000

Symbol: RESET
   Definitions
      At line 57 in file ..\..\Drivers\CMSIS\Device\ST\STM32F1xx\Source\Templat
es\arm\startup_stm32f103xb.s
   Uses
      None
Comment: RESET unused
__Vectors 00000000

Symbol: __Vectors
   Definitions
      At line 62 in file ..\..\Drivers\CMSIS\Device\ST\STM32F1xx\Source\Templat
es\arm\startup_stm32f103xb.s
   Uses
      At line 58 in file ..\..\Drivers\CMSIS\Device\ST\STM32F1xx\Source\Templat
es\arm\startup_stm32f103xb.s
      At line 125 in file ..\..\Drivers\CMSIS\Device\ST\STM32F1xx\Source\Templa
tes\arm\startup_stm32f103xb.s

__Vectors_End 000000EC

Symbol: __Vectors_End
   Definitions
      At line 123 in file ..\..\Drivers\CMSIS\Device\ST\STM32F1xx\Source\Templa
tes\arm\startup_stm32f103xb.s
   Uses
      At line 59 in file ..\..\Drivers\CMSIS\Device\ST\STM32F1xx\Source\Templat
es\arm\startup_stm32f103xb.s
      At line 125 in file ..\..\Drivers\CMSIS\Device\ST\STM32F1xx\Source\Templa
tes\arm\startup_stm32f103xb.s

3 symbols



ARM Macro Assembler    Page 1 Alphabetic symbol ordering
Relocatable symbols

.text 00000000

Symbol: .text
   Definitions
      At line 127 in file ..\..\Drivers\CMSIS\Device\ST\STM32F1xx\Source\Templa
tes\arm\startup_stm32f103xb.s
   Uses
      None
Comment: .text unused
ADC1_2_IRQHandler 00000016

Symbol: ADC1_2_IRQHandler
   Definitions
      At line 252 in file ..\..\Drivers\CMSIS\Device\ST\STM32F1xx\Source\Templa
tes\arm\startup_stm32f103xb.s
   Uses
      At line 98 in file ..\..\Drivers\CMSIS\Device\ST\STM32F1xx\Source\Templat
es\arm\startup_stm32f103xb.s
      At line 208 in file ..\..\Drivers\CMSIS\Device\ST\STM32F1xx\Source\Templa
tes\arm\startup_stm32f103xb.s

BusFault_Handler 0000000A

Symbol: BusFault_Handler
   Definitions
      At line 161 in file ..\..\Drivers\CMSIS\Device\ST\STM32F1xx\Source\Templa
tes\arm\startup_stm32f103xb.s
   Uses
      At line 67 in file ..\..\Drivers\CMSIS\Device\ST\STM32F1xx\Source\Templat
es\arm\startup_stm32f103xb.s
      At line 162 in file ..\..\Drivers\CMSIS\Device\ST\STM32F1xx\Source\Templa
tes\arm\startup_stm32f103xb.s

CAN1_RX1_IRQHandler 00000016

Symbol: CAN1_RX1_IRQHandler
   Definitions
      At line 255 in file ..\..\Drivers\CMSIS\Device\ST\STM32F1xx\Source\Templa
tes\arm\startup_stm32f103xb.s
   Uses
      At line 101 in file ..\..\Drivers\CMSIS\Device\ST\STM32F1xx\Source\Templa
tes\arm\startup_stm32f103xb.s
      At line 211 in file ..\..\Drivers\CMSIS\Device\ST\STM32F1xx\Source\Templa
tes\arm\startup_stm32f103xb.s

CAN1_SCE_IRQHandler 00000016

Symbol: CAN1_SCE_IRQHandler
   Definitions
      At line 256 in file ..\..\Drivers\CMSIS\Device\ST\STM32F1xx\Source\Templa
tes\arm\startup_stm32f103xb.s
   Uses
      At line 102 in file ..\..\Drivers\CMSIS\Device\ST\STM32F1xx\Source\Templa
tes\arm\startup_stm32f103xb.s
      At line 212 in file ..\..\Drivers\CMSIS\Device\ST\STM32F1xx\Source\Templa
tes\arm\startup_stm32f103xb.s

DMA1_Channel1_IRQHandler 00000016




ARM Macro Assembler    Page 2 Alphabetic symbol ordering
Relocatable symbols

Symbol: DMA1_Channel1_IRQHandler
   Definitions
      At line 245 in file ..\..\Drivers\CMSIS\Device\ST\STM32F1xx\Source\Templa
tes\arm\startup_stm32f103xb.s
   Uses
      At line 91 in file ..\..\Drivers\CMSIS\Device\ST\STM32F1xx\Source\Templat
es\arm\startup_stm32f103xb.s
      At line 201 in file ..\..\Drivers\CMSIS\Device\ST\STM32F1xx\Source\Templa
tes\arm\startup_stm32f103xb.s

DMA1_Channel2_IRQHandler 00000016

Symbol: DMA1_Channel2_IRQHandler
   Definitions
      At line 246 in file ..\..\Drivers\CMSIS\Device\ST\STM32F1xx\Source\Templa
tes\arm\startup_stm32f103xb.s
   Uses
      At line 92 in file ..\..\Drivers\CMSIS\Device\ST\STM32F1xx\Source\Templat
es\arm\startup_stm32f103xb.s
      At line 202 in file ..\..\Drivers\CMSIS\Device\ST\STM32F1xx\Source\Templa
tes\arm\startup_stm32f103xb.s

DMA1_Channel3_IRQHandler 00000016

Symbol: DMA1_Channel3_IRQHandler
   Definitions
      At line 247 in file ..\..\Drivers\CMSIS\Device\ST\STM32F1xx\Source\Templa
tes\arm\startup_stm32f103xb.s
   Uses
      At line 93 in file ..\..\Drivers\CMSIS\Device\ST\STM32F1xx\Source\Templat
es\arm\startup_stm32f103xb.s
      At line 203 in file ..\..\Drivers\CMSIS\Device\ST\STM32F1xx\Source\Templa
tes\arm\startup_stm32f103xb.s

DMA1_Channel4_IRQHandler 00000016

Symbol: DMA1_Channel4_IRQHandler
   Definitions
      At line 248 in file ..\..\Drivers\CMSIS\Device\ST\STM32F1xx\Source\Templa
tes\arm\startup_stm32f103xb.s
   Uses
      At line 94 in file ..\..\Drivers\CMSIS\Device\ST\STM32F1xx\Source\Templat
es\arm\startup_stm32f103xb.s
      At line 204 in file ..\..\Drivers\CMSIS\Device\ST\STM32F1xx\Source\Templa
tes\arm\startup_stm32f103xb.s

DMA1_Channel5_IRQHandler 00000016

Symbol: DMA1_Channel5_IRQHandler
   Definitions
      At line 249 in file ..\..\Drivers\CMSIS\Device\ST\STM32F1xx\Source\Templa
tes\arm\startup_stm32f103xb.s
   Uses
      At line 95 in file ..\..\Drivers\CMSIS\Device\ST\STM32F1xx\Source\Templat
es\arm\startup_stm32f103xb.s
      At line 205 in file ..\..\Drivers\CMSIS\Device\ST\STM32F1xx\Source\Templa
tes\arm\startup_stm32f103xb.s

DMA1_Channel6_IRQHandler 00000016



ARM Macro Assembler    Page 3 Alphabetic symbol ordering
Relocatable symbols


Symbol: DMA1_Channel6_IRQHandler
   Definitions
      At line 250 in file ..\..\Drivers\CMSIS\Device\ST\STM32F1xx\Source\Templa
tes\arm\startup_stm32f103xb.s
   Uses
      At line 96 in file ..\..\Drivers\CMSIS\Device\ST\STM32F1xx\Source\Templat
es\arm\startup_stm32f103xb.s
      At line 206 in file ..\..\Drivers\CMSIS\Device\ST\STM32F1xx\Source\Templa
tes\arm\startup_stm32f103xb.s

DMA1_Channel7_IRQHandler 00000016

Symbol: DMA1_Channel7_IRQHandler
   Definitions
      At line 251 in file ..\..\Drivers\CMSIS\Device\ST\STM32F1xx\Source\Templa
tes\arm\startup_stm32f103xb.s
   Uses
      At line 97 in file ..\..\Drivers\CMSIS\Device\ST\STM32F1xx\Source\Templat
es\arm\startup_stm32f103xb.s
      At line 207 in file ..\..\Drivers\CMSIS\Device\ST\STM32F1xx\Source\Templa
tes\arm\startup_stm32f103xb.s

DebugMon_Handler 00000010

Symbol: DebugMon_Handler
   Definitions
      At line 175 in file ..\..\Drivers\CMSIS\Device\ST\STM32F1xx\Source\Templa
tes\arm\startup_stm32f103xb.s
   Uses
      At line 74 in file ..\..\Drivers\CMSIS\Device\ST\STM32F1xx\Source\Templat
es\arm\startup_stm32f103xb.s
      At line 176 in file ..\..\Drivers\CMSIS\Device\ST\STM32F1xx\Source\Templa
tes\arm\startup_stm32f103xb.s

Default_Handler 00000016

Symbol: Default_Handler
   Definitions
      At line 188 in file ..\..\Drivers\CMSIS\Device\ST\STM32F1xx\Source\Templa
tes\arm\startup_stm32f103xb.s
   Uses
      None
Comment: Default_Handler unused
EXTI0_IRQHandler 00000016

Symbol: EXTI0_IRQHandler
   Definitions
      At line 240 in file ..\..\Drivers\CMSIS\Device\ST\STM32F1xx\Source\Templa
tes\arm\startup_stm32f103xb.s
   Uses
      At line 86 in file ..\..\Drivers\CMSIS\Device\ST\STM32F1xx\Source\Templat
es\arm\startup_stm32f103xb.s
      At line 196 in file ..\..\Drivers\CMSIS\Device\ST\STM32F1xx\Source\Templa
tes\arm\startup_stm32f103xb.s

EXTI15_10_IRQHandler 00000016

Symbol: EXTI15_10_IRQHandler



ARM Macro Assembler    Page 4 Alphabetic symbol ordering
Relocatable symbols

   Definitions
      At line 274 in file ..\..\Drivers\CMSIS\Device\ST\STM32F1xx\Source\Templa
tes\arm\startup_stm32f103xb.s
   Uses
      At line 120 in file ..\..\Drivers\CMSIS\Device\ST\STM32F1xx\Source\Templa
tes\arm\startup_stm32f103xb.s
      At line 230 in file ..\..\Drivers\CMSIS\Device\ST\STM32F1xx\Source\Templa
tes\arm\startup_stm32f103xb.s

EXTI1_IRQHandler 00000016

Symbol: EXTI1_IRQHandler
   Definitions
      At line 241 in file ..\..\Drivers\CMSIS\Device\ST\STM32F1xx\Source\Templa
tes\arm\startup_stm32f103xb.s
   Uses
      At line 87 in file ..\..\Drivers\CMSIS\Device\ST\STM32F1xx\Source\Templat
es\arm\startup_stm32f103xb.s
      At line 197 in file ..\..\Drivers\CMSIS\Device\ST\STM32F1xx\Source\Templa
tes\arm\startup_stm32f103xb.s

EXTI2_IRQHandler 00000016

Symbol: EXTI2_IRQHandler
   Definitions
      At line 242 in file ..\..\Drivers\CMSIS\Device\ST\STM32F1xx\Source\Templa
tes\arm\startup_stm32f103xb.s
   Uses
      At line 88 in file ..\..\Drivers\CMSIS\Device\ST\STM32F1xx\Source\Templat
es\arm\startup_stm32f103xb.s
      At line 198 in file ..\..\Drivers\CMSIS\Device\ST\STM32F1xx\Source\Templa
tes\arm\startup_stm32f103xb.s

EXTI3_IRQHandler 00000016

Symbol: EXTI3_IRQHandler
   Definitions
      At line 243 in file ..\..\Drivers\CMSIS\Device\ST\STM32F1xx\Source\Templa
tes\arm\startup_stm32f103xb.s
   Uses
      At line 89 in file ..\..\Drivers\CMSIS\Device\ST\STM32F1xx\Source\Templat
es\arm\startup_stm32f103xb.s
      At line 199 in file ..\..\Drivers\CMSIS\Device\ST\STM32F1xx\Source\Templa
tes\arm\startup_stm32f103xb.s

EXTI4_IRQHandler 00000016

Symbol: EXTI4_IRQHandler
   Definitions
      At line 244 in file ..\..\Drivers\CMSIS\Device\ST\STM32F1xx\Source\Templa
tes\arm\startup_stm32f103xb.s
   Uses
      At line 90 in file ..\..\Drivers\CMSIS\Device\ST\STM32F1xx\Source\Templat
es\arm\startup_stm32f103xb.s
      At line 200 in file ..\..\Drivers\CMSIS\Device\ST\STM32F1xx\Source\Templa
tes\arm\startup_stm32f103xb.s

EXTI9_5_IRQHandler 00000016




ARM Macro Assembler    Page 5 Alphabetic symbol ordering
Relocatable symbols

Symbol: EXTI9_5_IRQHandler
   Definitions
      At line 257 in file ..\..\Drivers\CMSIS\Device\ST\STM32F1xx\Source\Templa
tes\arm\startup_stm32f103xb.s
   Uses
      At line 103 in file ..\..\Drivers\CMSIS\Device\ST\STM32F1xx\Source\Templa
tes\arm\startup_stm32f103xb.s
      At line 213 in file ..\..\Drivers\CMSIS\Device\ST\STM32F1xx\Source\Templa
tes\arm\startup_stm32f103xb.s

FLASH_IRQHandler 00000016

Symbol: FLASH_IRQHandler
   Definitions
      At line 238 in file ..\..\Drivers\CMSIS\Device\ST\STM32F1xx\Source\Templa
tes\arm\startup_stm32f103xb.s
   Uses
      At line 84 in file ..\..\Drivers\CMSIS\Device\ST\STM32F1xx\Source\Templat
es\arm\startup_stm32f103xb.s
      At line 194 in file ..\..\Drivers\CMSIS\Device\ST\STM32F1xx\Source\Templa
tes\arm\startup_stm32f103xb.s

HardFault_Handler 00000006

Symbol: HardFault_Handler
   Definitions
      At line 151 in file ..\..\Drivers\CMSIS\Device\ST\STM32F1xx\Source\Templa
tes\arm\startup_stm32f103xb.s
   Uses
      At line 65 in file ..\..\Drivers\CMSIS\Device\ST\STM32F1xx\Source\Templat
es\arm\startup_stm32f103xb.s
      At line 152 in file ..\..\Drivers\CMSIS\Device\ST\STM32F1xx\Source\Templa
tes\arm\startup_stm32f103xb.s

I2C1_ER_IRQHandler 00000016

Symbol: I2C1_ER_IRQHandler
   Definitions
      At line 266 in file ..\..\Drivers\CMSIS\Device\ST\STM32F1xx\Source\Templa
tes\arm\startup_stm32f103xb.s
   Uses
      At line 112 in file ..\..\Drivers\CMSIS\Device\ST\STM32F1xx\Source\Templa
tes\arm\startup_stm32f103xb.s
      At line 222 in file ..\..\Drivers\CMSIS\Device\ST\STM32F1xx\Source\Templa
tes\arm\startup_stm32f103xb.s

I2C1_EV_IRQHandler 00000016

Symbol: I2C1_EV_IRQHandler
   Definitions
      At line 265 in file ..\..\Drivers\CMSIS\Device\ST\STM32F1xx\Source\Templa
tes\arm\startup_stm32f103xb.s
   Uses
      At line 111 in file ..\..\Drivers\CMSIS\Device\ST\STM32F1xx\Source\Templa
tes\arm\startup_stm32f103xb.s
      At line 221 in file ..\..\Drivers\CMSIS\Device\ST\STM32F1xx\Source\Templa
tes\arm\startup_stm32f103xb.s

I2C2_ER_IRQHandler 00000016



ARM Macro Assembler    Page 6 Alphabetic symbol ordering
Relocatable symbols


Symbol: I2C2_ER_IRQHandler
   Definitions
      At line 268 in file ..\..\Drivers\CMSIS\Device\ST\STM32F1xx\Source\Templa
tes\arm\startup_stm32f103xb.s
   Uses
      At line 114 in file ..\..\Drivers\CMSIS\Device\ST\STM32F1xx\Source\Templa
tes\arm\startup_stm32f103xb.s
      At line 224 in file ..\..\Drivers\CMSIS\Device\ST\STM32F1xx\Source\Templa
tes\arm\startup_stm32f103xb.s

I2C2_EV_IRQHandler 00000016

Symbol: I2C2_EV_IRQHandler
   Definitions
      At line 267 in file ..\..\Drivers\CMSIS\Device\ST\STM32F1xx\Source\Templa
tes\arm\startup_stm32f103xb.s
   Uses
      At line 113 in file ..\..\Drivers\CMSIS\Device\ST\STM32F1xx\Source\Templa
tes\arm\startup_stm32f103xb.s
      At line 223 in file ..\..\Drivers\CMSIS\Device\ST\STM32F1xx\Source\Templa
tes\arm\startup_stm32f103xb.s

MemManage_Handler 00000008

Symbol: MemManage_Handler
   Definitions
      At line 156 in file ..\..\Drivers\CMSIS\Device\ST\STM32F1xx\Source\Templa
tes\arm\startup_stm32f103xb.s
   Uses
      At line 66 in file ..\..\Drivers\CMSIS\Device\ST\STM32F1xx\Source\Templat
es\arm\startup_stm32f103xb.s
      At line 157 in file ..\..\Drivers\CMSIS\Device\ST\STM32F1xx\Source\Templa
tes\arm\startup_stm32f103xb.s

NMI_Handler 00000004

Symbol: NMI_Handler
   Definitions
      At line 146 in file ..\..\Drivers\CMSIS\Device\ST\STM32F1xx\Source\Templa
tes\arm\startup_stm32f103xb.s
   Uses
      At line 64 in file ..\..\Drivers\CMSIS\Device\ST\STM32F1xx\Source\Templat
es\arm\startup_stm32f103xb.s
      At line 147 in file ..\..\Drivers\CMSIS\Device\ST\STM32F1xx\Source\Templa
tes\arm\startup_stm32f103xb.s

PVD_IRQHandler 00000016

Symbol: PVD_IRQHandler
   Definitions
      At line 235 in file ..\..\Drivers\CMSIS\Device\ST\STM32F1xx\Source\Templa
tes\arm\startup_stm32f103xb.s
   Uses
      At line 81 in file ..\..\Drivers\CMSIS\Device\ST\STM32F1xx\Source\Templat
es\arm\startup_stm32f103xb.s
      At line 191 in file ..\..\Drivers\CMSIS\Device\ST\STM32F1xx\Source\Templa
tes\arm\startup_stm32f103xb.s




ARM Macro Assembler    Page 7 Alphabetic symbol ordering
Relocatable symbols

PendSV_Handler 00000012

Symbol: PendSV_Handler
   Definitions
      At line 179 in file ..\..\Drivers\CMSIS\Device\ST\STM32F1xx\Source\Templa
tes\arm\startup_stm32f103xb.s
   Uses
      At line 76 in file ..\..\Drivers\CMSIS\Device\ST\STM32F1xx\Source\Templat
es\arm\startup_stm32f103xb.s
      At line 180 in file ..\..\Drivers\CMSIS\Device\ST\STM32F1xx\Source\Templa
tes\arm\startup_stm32f103xb.s

RCC_IRQHandler 00000016

Symbol: RCC_IRQHandler
   Definitions
      At line 239 in file ..\..\Drivers\CMSIS\Device\ST\STM32F1xx\Source\Templa
tes\arm\startup_stm32f103xb.s
   Uses
      At line 85 in file ..\..\Drivers\CMSIS\Device\ST\STM32F1xx\Source\Templat
es\arm\startup_stm32f103xb.s
      At line 195 in file ..\..\Drivers\CMSIS\Device\ST\STM32F1xx\Source\Templa
tes\arm\startup_stm32f103xb.s

RTC_Alarm_IRQHandler 00000016

Symbol: RTC_Alarm_IRQHandler
   Definitions
      At line 275 in file ..\..\Drivers\CMSIS\Device\ST\STM32F1xx\Source\Templa
tes\arm\startup_stm32f103xb.s
   Uses
      At line 121 in file ..\..\Drivers\CMSIS\Device\ST\STM32F1xx\Source\Templa
tes\arm\startup_stm32f103xb.s
      At line 231 in file ..\..\Drivers\CMSIS\Device\ST\STM32F1xx\Source\Templa
tes\arm\startup_stm32f103xb.s

RTC_IRQHandler 00000016

Symbol: RTC_IRQHandler
   Definitions
      At line 237 in file ..\..\Drivers\CMSIS\Device\ST\STM32F1xx\Source\Templa
tes\arm\startup_stm32f103xb.s
   Uses
      At line 83 in file ..\..\Drivers\CMSIS\Device\ST\STM32F1xx\Source\Templat
es\arm\startup_stm32f103xb.s
      At line 193 in file ..\..\Drivers\CMSIS\Device\ST\STM32F1xx\Source\Templa
tes\arm\startup_stm32f103xb.s

Reset_Handler 00000000

Symbol: Reset_Handler
   Definitions
      At line 130 in file ..\..\Drivers\CMSIS\Device\ST\STM32F1xx\Source\Templa
tes\arm\startup_stm32f103xb.s
   Uses
      At line 63 in file ..\..\Drivers\CMSIS\Device\ST\STM32F1xx\Source\Templat
es\arm\startup_stm32f103xb.s
      At line 131 in file ..\..\Drivers\CMSIS\Device\ST\STM32F1xx\Source\Templa
tes\arm\startup_stm32f103xb.s



ARM Macro Assembler    Page 8 Alphabetic symbol ordering
Relocatable symbols


SPI1_IRQHandler 00000016

Symbol: SPI1_IRQHandler
   Definitions
      At line 269 in file ..\..\Drivers\CMSIS\Device\ST\STM32F1xx\Source\Templa
tes\arm\startup_stm32f103xb.s
   Uses
      At line 115 in file ..\..\Drivers\CMSIS\Device\ST\STM32F1xx\Source\Templa
tes\arm\startup_stm32f103xb.s
      At line 225 in file ..\..\Drivers\CMSIS\Device\ST\STM32F1xx\Source\Templa
tes\arm\startup_stm32f103xb.s

SPI2_IRQHandler 00000016

Symbol: SPI2_IRQHandler
   Definitions
      At line 270 in file ..\..\Drivers\CMSIS\Device\ST\STM32F1xx\Source\Templa
tes\arm\startup_stm32f103xb.s
   Uses
      At line 116 in file ..\..\Drivers\CMSIS\Device\ST\STM32F1xx\Source\Templa
tes\arm\startup_stm32f103xb.s
      At line 226 in file ..\..\Drivers\CMSIS\Device\ST\STM32F1xx\Source\Templa
tes\arm\startup_stm32f103xb.s

SVC_Handler 0000000E

Symbol: SVC_Handler
   Definitions
      At line 170 in file ..\..\Drivers\CMSIS\Device\ST\STM32F1xx\Source\Templa
tes\arm\startup_stm32f103xb.s
   Uses
      At line 73 in file ..\..\Drivers\CMSIS\Device\ST\STM32F1xx\Source\Templat
es\arm\startup_stm32f103xb.s
      At line 171 in file ..\..\Drivers\CMSIS\Device\ST\STM32F1xx\Source\Templa
tes\arm\startup_stm32f103xb.s

SysTick_Handler 00000014

Symbol: SysTick_Handler
   Definitions
      At line 183 in file ..\..\Drivers\CMSIS\Device\ST\STM32F1xx\Source\Templa
tes\arm\startup_stm32f103xb.s
   Uses
      At line 77 in file ..\..\Drivers\CMSIS\Device\ST\STM32F1xx\Source\Templat
es\arm\startup_stm32f103xb.s
      At line 184 in file ..\..\Drivers\CMSIS\Device\ST\STM32F1xx\Source\Templa
tes\arm\startup_stm32f103xb.s

TAMPER_IRQHandler 00000016

Symbol: TAMPER_IRQHandler
   Definitions
      At line 236 in file ..\..\Drivers\CMSIS\Device\ST\STM32F1xx\Source\Templa
tes\arm\startup_stm32f103xb.s
   Uses
      At line 82 in file ..\..\Drivers\CMSIS\Device\ST\STM32F1xx\Source\Templat
es\arm\startup_stm32f103xb.s
      At line 192 in file ..\..\Drivers\CMSIS\Device\ST\STM32F1xx\Source\Templa



ARM Macro Assembler    Page 9 Alphabetic symbol ordering
Relocatable symbols

tes\arm\startup_stm32f103xb.s

TIM1_BRK_IRQHandler 00000016

Symbol: TIM1_BRK_IRQHandler
   Definitions
      At line 258 in file ..\..\Drivers\CMSIS\Device\ST\STM32F1xx\Source\Templa
tes\arm\startup_stm32f103xb.s
   Uses
      At line 104 in file ..\..\Drivers\CMSIS\Device\ST\STM32F1xx\Source\Templa
tes\arm\startup_stm32f103xb.s
      At line 214 in file ..\..\Drivers\CMSIS\Device\ST\STM32F1xx\Source\Templa
tes\arm\startup_stm32f103xb.s

TIM1_CC_IRQHandler 00000016

Symbol: TIM1_CC_IRQHandler
   Definitions
      At line 261 in file ..\..\Drivers\CMSIS\Device\ST\STM32F1xx\Source\Templa
tes\arm\startup_stm32f103xb.s
   Uses
      At line 107 in file ..\..\Drivers\CMSIS\Device\ST\STM32F1xx\Source\Templa
tes\arm\startup_stm32f103xb.s
      At line 217 in file ..\..\Drivers\CMSIS\Device\ST\STM32F1xx\Source\Templa
tes\arm\startup_stm32f103xb.s

TIM1_TRG_COM_IRQHandler 00000016

Symbol: TIM1_TRG_COM_IRQHandler
   Definitions
      At line 260 in file ..\..\Drivers\CMSIS\Device\ST\STM32F1xx\Source\Templa
tes\arm\startup_stm32f103xb.s
   Uses
      At line 106 in file ..\..\Drivers\CMSIS\Device\ST\STM32F1xx\Source\Templa
tes\arm\startup_stm32f103xb.s
      At line 216 in file ..\..\Drivers\CMSIS\Device\ST\STM32F1xx\Source\Templa
tes\arm\startup_stm32f103xb.s

TIM1_UP_IRQHandler 00000016

Symbol: TIM1_UP_IRQHandler
   Definitions
      At line 259 in file ..\..\Drivers\CMSIS\Device\ST\STM32F1xx\Source\Templa
tes\arm\startup_stm32f103xb.s
   Uses
      At line 105 in file ..\..\Drivers\CMSIS\Device\ST\STM32F1xx\Source\Templa
tes\arm\startup_stm32f103xb.s
      At line 215 in file ..\..\Drivers\CMSIS\Device\ST\STM32F1xx\Source\Templa
tes\arm\startup_stm32f103xb.s

TIM2_IRQHandler 00000016

Symbol: TIM2_IRQHandler
   Definitions
      At line 262 in file ..\..\Drivers\CMSIS\Device\ST\STM32F1xx\Source\Templa
tes\arm\startup_stm32f103xb.s
   Uses
      At line 108 in file ..\..\Drivers\CMSIS\Device\ST\STM32F1xx\Source\Templa
tes\arm\startup_stm32f103xb.s



ARM Macro Assembler    Page 10 Alphabetic symbol ordering
Relocatable symbols

      At line 218 in file ..\..\Drivers\CMSIS\Device\ST\STM32F1xx\Source\Templa
tes\arm\startup_stm32f103xb.s

TIM3_IRQHandler 00000016

Symbol: TIM3_IRQHandler
   Definitions
      At line 263 in file ..\..\Drivers\CMSIS\Device\ST\STM32F1xx\Source\Templa
tes\arm\startup_stm32f103xb.s
   Uses
      At line 109 in file ..\..\Drivers\CMSIS\Device\ST\STM32F1xx\Source\Templa
tes\arm\startup_stm32f103xb.s
      At line 219 in file ..\..\Drivers\CMSIS\Device\ST\STM32F1xx\Source\Templa
tes\arm\startup_stm32f103xb.s

TIM4_IRQHandler 00000016

Symbol: TIM4_IRQHandler
   Definitions
      At line 264 in file ..\..\Drivers\CMSIS\Device\ST\STM32F1xx\Source\Templa
tes\arm\startup_stm32f103xb.s
   Uses
      At line 110 in file ..\..\Drivers\CMSIS\Device\ST\STM32F1xx\Source\Templa
tes\arm\startup_stm32f103xb.s
      At line 220 in file ..\..\Drivers\CMSIS\Device\ST\STM32F1xx\Source\Templa
tes\arm\startup_stm32f103xb.s

USART1_IRQHandler 00000016

Symbol: USART1_IRQHandler
   Definitions
      At line 271 in file ..\..\Drivers\CMSIS\Device\ST\STM32F1xx\Source\Templa
tes\arm\startup_stm32f103xb.s
   Uses
      At line 117 in file ..\..\Drivers\CMSIS\Device\ST\STM32F1xx\Source\Templa
tes\arm\startup_stm32f103xb.s
      At line 227 in file ..\..\Drivers\CMSIS\Device\ST\STM32F1xx\Source\Templa
tes\arm\startup_stm32f103xb.s

USART2_IRQHandler 00000016

Symbol: USART2_IRQHandler
   Definitions
      At line 272 in file ..\..\Drivers\CMSIS\Device\ST\STM32F1xx\Source\Templa
tes\arm\startup_stm32f103xb.s
   Uses
      At line 118 in file ..\..\Drivers\CMSIS\Device\ST\STM32F1xx\Source\Templa
tes\arm\startup_stm32f103xb.s
      At line 228 in file ..\..\Drivers\CMSIS\Device\ST\STM32F1xx\Source\Templa
tes\arm\startup_stm32f103xb.s

USART3_IRQHandler 00000016

Symbol: USART3_IRQHandler
   Definitions
      At line 273 in file ..\..\Drivers\CMSIS\Device\ST\STM32F1xx\Source\Templa
tes\arm\startup_stm32f103xb.s
   Uses
      At line 119 in file ..\..\Drivers\CMSIS\Device\ST\STM32F1xx\Source\Templa



ARM Macro Assembler    Page 11 Alphabetic symbol ordering
Relocatable symbols

tes\arm\startup_stm32f103xb.s
      At line 229 in file ..\..\Drivers\CMSIS\Device\ST\STM32F1xx\Source\Templa
tes\arm\startup_stm32f103xb.s

USBWakeUp_IRQHandler 00000016

Symbol: USBWakeUp_IRQHandler
   Definitions
      At line 276 in file ..\..\Drivers\CMSIS\Device\ST\STM32F1xx\Source\Templa
tes\arm\startup_stm32f103xb.s
   Uses
      At line 122 in file ..\..\Drivers\CMSIS\Device\ST\STM32F1xx\Source\Templa
tes\arm\startup_stm32f103xb.s
      At line 232 in file ..\..\Drivers\CMSIS\Device\ST\STM32F1xx\Source\Templa
tes\arm\startup_stm32f103xb.s

USB_HP_CAN1_TX_IRQHandler 00000016

Symbol: USB_HP_CAN1_TX_IRQHandler
   Definitions
      At line 253 in file ..\..\Drivers\CMSIS\Device\ST\STM32F1xx\Source\Templa
tes\arm\startup_stm32f103xb.s
   Uses
      At line 99 in file ..\..\Drivers\CMSIS\Device\ST\STM32F1xx\Source\Templat
es\arm\startup_stm32f103xb.s
      At line 209 in file ..\..\Drivers\CMSIS\Device\ST\STM32F1xx\Source\Templa
tes\arm\startup_stm32f103xb.s

USB_LP_CAN1_RX0_IRQHandler 00000016

Symbol: USB_LP_CAN1_RX0_IRQHandler
   Definitions
      At line 254 in file ..\..\Drivers\CMSIS\Device\ST\STM32F1xx\Source\Templa
tes\arm\startup_stm32f103xb.s
   Uses
      At line 100 in file ..\..\Drivers\CMSIS\Device\ST\STM32F1xx\Source\Templa
tes\arm\startup_stm32f103xb.s
      At line 210 in file ..\..\Drivers\CMSIS\Device\ST\STM32F1xx\Source\Templa
tes\arm\startup_stm32f103xb.s

UsageFault_Handler 0000000C

Symbol: UsageFault_Handler
   Definitions
      At line 166 in file ..\..\Drivers\CMSIS\Device\ST\STM32F1xx\Source\Templa
tes\arm\startup_stm32f103xb.s
   Uses
      At line 68 in file ..\..\Drivers\CMSIS\Device\ST\STM32F1xx\Source\Templat
es\arm\startup_stm32f103xb.s
      At line 167 in file ..\..\Drivers\CMSIS\Device\ST\STM32F1xx\Source\Templa
tes\arm\startup_stm32f103xb.s

WWDG_IRQHandler 00000016

Symbol: WWDG_IRQHandler
   Definitions
      At line 234 in file ..\..\Drivers\CMSIS\Device\ST\STM32F1xx\Source\Templa
tes\arm\startup_stm32f103xb.s
   Uses



ARM Macro Assembler    Page 12 Alphabetic symbol ordering
Relocatable symbols

      At line 80 in file ..\..\Drivers\CMSIS\Device\ST\STM32F1xx\Source\Templat
es\arm\startup_stm32f103xb.s
      At line 190 in file ..\..\Drivers\CMSIS\Device\ST\STM32F1xx\Source\Templa
tes\arm\startup_stm32f103xb.s

__user_initial_stackheap 00000018

Symbol: __user_initial_stackheap
   Definitions
      At line 298 in file ..\..\Drivers\CMSIS\Device\ST\STM32F1xx\Source\Templa
tes\arm\startup_stm32f103xb.s
   Uses
      At line 296 in file ..\..\Drivers\CMSIS\Device\ST\STM32F1xx\Source\Templa
tes\arm\startup_stm32f103xb.s
Comment: __user_initial_stackheap used once
56 symbols



ARM Macro Assembler    Page 1 Alphabetic symbol ordering
Absolute symbols

Heap_Size 00000000

Symbol: Heap_Size
   Definitions
      At line 45 in file ..\..\Drivers\CMSIS\Device\ST\STM32F1xx\Source\Templat
es\arm\startup_stm32f103xb.s
   Uses
      At line 49 in file ..\..\Drivers\CMSIS\Device\ST\STM32F1xx\Source\Templat
es\arm\startup_stm32f103xb.s
      At line 302 in file ..\..\Drivers\CMSIS\Device\ST\STM32F1xx\Source\Templa
tes\arm\startup_stm32f103xb.s

Stack_Size 00000400

Symbol: Stack_Size
   Definitions
      At line 33 in file ..\..\Drivers\CMSIS\Device\ST\STM32F1xx\Source\Templat
es\arm\startup_stm32f103xb.s
   Uses
      At line 36 in file ..\..\Drivers\CMSIS\Device\ST\STM32F1xx\Source\Templat
es\arm\startup_stm32f103xb.s
      At line 301 in file ..\..\Drivers\CMSIS\Device\ST\STM32F1xx\Source\Templa
tes\arm\startup_stm32f103xb.s

__Vectors_Size 000000EC

Symbol: __Vectors_Size
   Definitions
      At line 125 in file ..\..\Drivers\CMSIS\Device\ST\STM32F1xx\Source\Templa
tes\arm\startup_stm32f103xb.s
   Uses
      At line 60 in file ..\..\Drivers\CMSIS\Device\ST\STM32F1xx\Source\Templat
es\arm\startup_stm32f103xb.s
Comment: __Vectors_Size used once
3 symbols



ARM Macro Assembler    Page 1 Alphabetic symbol ordering
External symbols

__main 00000000

Symbol: __main
   Definitions
      At line 132 in file ..\..\Drivers\CMSIS\Device\ST\STM32F1xx\Source\Templa
tes\arm\startup_stm32f103xb.s
   Uses
      At line 140 in file ..\..\Drivers\CMSIS\Device\ST\STM32F1xx\Source\Templa
tes\arm\startup_stm32f103xb.s
Comment: __main used once
__use_two_region_memory 00000000

Symbol: __use_two_region_memory
   Definitions
      At line 295 in file ..\..\Drivers\CMSIS\Device\ST\STM32F1xx\Source\Templa
tes\arm\startup_stm32f103xb.s
   Uses
      None
Comment: __use_two_region_memory unused
2 symbols
407 symbols in table
